BUILD: Computing Include file dependencies:
BUILD: Examining c:\users\sid\documents\native directory for files to compile.
Compiling (NoSync) c:\users\sid\documents\native directory ********************
1>'nmake.exe /nologo BUILDMSG=Stop. -i NTTEST= UMTEST= NOLINK=1 NOPASS0=1 PASS1_NOLIB=1 386=1'
1>BUILDMSG: Processing c:\users\sid\documents\native
1>cl -nologo -Ii386\ -I. -IC:\WINDDK\3790~1.183\inc\mfc42 -IC:\WINDDK\3790~1.183\inc\ddk\wxp -Iobjchk_wxp_x86\i386 -IC:\WINDDK\3790~1.183\inc\wxp -IC:\WINDDK\3790~1.183\inc\wxp -IC:\WINDDK\3790~1.183\inc\crt -D_X86_=1 -Di386=1  -DSTD_CALL -DCONDITION_HANDLING=1   -DNT_INST=0 -DWIN32=100 -D_NT1X_=100 -DWINNT=1 -D_WIN32_WINNT=0x0501 /DWINVER=0x0501 -D_WIN32_IE=0x0603    -DWIN32_LEAN_AND_MEAN=1 -DDEVL=1 -DDBG=1 -D__BUILDMACHINE__=WinDDK -DFPO=0  -DNDEBUG      /c /Zl /Zp8 /Gy /Gm-  /W3 /WX /Gz  /GX-  /GR- /GF /GS /G6 /Ze /Gi- /QIfdiv- /hotpatch -Z7 /Od /Oi  /Oy-   -FIC:\WINDDK\3790~1.183\inc\wxp\warning.h  /Yuprecomp.h /Fpobjchk_wxp_x86\i386\precomp.pch /Ylnative /Ycprecomp.h /Fpobjchk_wxp_x86\i386\precomp.pch  /Fo"c:\users\sid\documents\native\objchk_wxp_x86\i386\precomp.obj"  /Tc
1>
1>#include "precomp.h"
1>
1>pch_hdr.src
1>cl -nologo -Ii386\ -I. -IC:\WINDDK\3790~1.183\inc\mfc42 -IC:\WINDDK\3790~1.183\inc\ddk\wxp -Iobjchk_wxp_x86\i386 -IC:\WINDDK\3790~1.183\inc\wxp -IC:\WINDDK\3790~1.183\inc\wxp -IC:\WINDDK\3790~1.183\inc\crt -D_X86_=1 -Di386=1  -DSTD_CALL -DCONDITION_HANDLING=1   -DNT_INST=0 -DWIN32=100 -D_NT1X_=100 -DWINNT=1 -D_WIN32_WINNT=0x0501 /DWINVER=0x0501 -D_WIN32_IE=0x0603    -DWIN32_LEAN_AND_MEAN=1 -DDEVL=1 -DDBG=1 -D__BUILDMACHINE__=WinDDK -DFPO=0  -DNDEBUG      /c /Zl /Zp8 /Gy /Gm-  /W3 /WX /Gz  /GX-  /GR- /GF /GS /G6 /Ze /Gi- /QIfdiv- /hotpatch -Z7 /Od /Oi  /Oy-   -FIC:\WINDDK\3790~1.183\inc\wxp\warning.h  /Yuprecomp.h /Fpobjchk_wxp_x86\i386\precomp.pch .\display.c .\file.c .\hardware.c .\input.c .\main.c .\sysinfo.c .\keytrans.c .\shell.c .\process.c .\ntfile.c .\ntreg.c 
1>display.c
1>file.c
1>hardware.c
1>input.c
1>main.c
1>sysinfo.c
1>keytrans.c
1>shell.c
1>process.c
1>ntfile.c
1>ntreg.c
1>Generating Code...
1>
1>Stop.
Compiling  c:\users\sid\documents\native directory ********************
100>'nmake.exe /nologo BUILDMSG=Stop. -i NTTEST= UMTEST= NOLINK=1 NOPASS0=1 386=1'
100>BUILDMSG: Processing c:\users\sid\documents\native
100>
100>Stop.
Linking c:\users\sid\documents\native directory ********************
1>'nmake.exe /nologo BUILDMSG=Stop. -i LINKONLY=1 NOPASS0=1 NTTEST= UMTEST= 386=1'
1>BUILDMSG: Processing c:\users\sid\documents\native
1>	link -out:..\obj\i386\native.exe -machine:ix86 @C:\Users\Sid\AppData\Local\Temp\nm61EC.tmp
1>Microsoft (R) Incremental Linker Version 7.10.4035
1>Copyright (C) Microsoft Corporation.  All rights reserved.
1>
1>-MERGE:_PAGE=PAGE 
1>-MERGE:_TEXT=.text 
1>-SECTION:INIT,d 
1>-OPT:REF 
1>-OPT:ICF 
1>-IGNORE:4198,4010,4037,4039,4065,4070,4078,4087,4089,4221 
1>-INCREMENTAL:NO 
1>-FULLBUILD 
1>/release 
1>-NODEFAULTLIB 
1>/WX 
1>-debug 
1>-debugtype:cv 
1>-version:5.1 
1>-osversion:5.1 
1>/functionpadmin:5 
1>/safeseh 
1>/opt:nowin98 
1>-merge:.rdata=.text 
1>/pdbcompress 
1>-STACK:0x40000,0x2000 
1>-subsystem:native,5.01 
1>-base:@C:\WINDDK\3790~1.183\bin\coffbase.txt,usermode 
1>-entry:NtProcessStartupForGS@4 
1>objchk_wxp_x86\i386\precomp.obj 
1>objchk_wxp_x86\i386\display.obj 
1>objchk_wxp_x86\i386\file.obj 
1>objchk_wxp_x86\i386\hardware.obj 
1>objchk_wxp_x86\i386\input.obj 
1>objchk_wxp_x86\i386\main.obj 
1>objchk_wxp_x86\i386\sysinfo.obj 
1>objchk_wxp_x86\i386\keytrans.obj 
1>objchk_wxp_x86\i386\shell.obj 
1>objchk_wxp_x86\i386\process.obj 
1>objchk_wxp_x86\i386\ntfile.obj 
1>objchk_wxp_x86\i386\ntreg.obj 
1>C:\WINDDK\3790~1.183\lib\wxp\i386\BufferOverflow.lib 
1>C:\WINDDK\3790~1.183\lib\wxp\i386\ntdll.lib 
1>C:\WINDDK\3790~1.183\lib\wxp\i386\nt.lib 
1>C:\WINDDK\3790~1.183\lib\wxp\i386\sehupd.lib 
1>	echo Skip Binplace:
1>Skip Binplace:
1>
1>Stop.
